<?xml version="1.0" encoding="UTF-8"?>
<testsuites>
  <testsuite name="" tests="135" assertions="303" errors="0" warnings="0" failures="0" skipped="0" time="5.270004">
    <testsuite name="Mutation" tests="11" assertions="26" errors="0" warnings="0" failures="0" skipped="0" time="0.051681">
      <testsuite name="Tests\Mutation\AdminControllerMutationTest" file="C:\Users\ASUS\Desktop\proyecto-si784-2024-ii-u3-reportes_chambilla_llantay\tests\Mutation\AdminControllerMutationTest.php" tests="3" assertions="13" errors="0" warnings="0" failures="0" skipped="0" time="0.036655">
        <testcase name="testAddProductMutation" class="Tests\Mutation\AdminControllerMutationTest" classname="Tests.Mutation.AdminControllerMutationTest" file="C:\Users\ASUS\Desktop\proyecto-si784-2024-ii-u3-reportes_chambilla_llantay\tests\Mutation\AdminControllerMutationTest.php" line="92" assertions="5" time="0.031261"/>
        <testcase name="testDeleteProductMutation" class="Tests\Mutation\AdminControllerMutationTest" classname="Tests.Mutation.AdminControllerMutationTest" file="C:\Users\ASUS\Desktop\proyecto-si784-2024-ii-u3-reportes_chambilla_llantay\tests\Mutation\AdminControllerMutationTest.php" line="41" assertions="4" time="0.002443"/>
        <testcase name="testUpdateProductMutation" class="Tests\Mutation\AdminControllerMutationTest" classname="Tests.Mutation.AdminControllerMutationTest" file="C:\Users\ASUS\Desktop\proyecto-si784-2024-ii-u3-reportes_chambilla_llantay\tests\Mutation\AdminControllerMutationTest.php" line="60" assertions="4" time="0.002952"/>
      </testsuite>
      <testsuite name="Tests\Mutation\ContactControllerMutationTest" file="C:\Users\ASUS\Desktop\proyecto-si784-2024-ii-u3-reportes_chambilla_llantay\tests\Mutation\ContactControllerMutationTest.php" tests="2" assertions="4" errors="0" warnings="0" failures="0" skipped="0" time="0.003397">
        <testcase name="testSendMessageMutationWithInvalidUserId" class="Tests\Mutation\ContactControllerMutationTest" classname="Tests.Mutation.ContactControllerMutationTest" file="C:\Users\ASUS\Desktop\proyecto-si784-2024-ii-u3-reportes_chambilla_llantay\tests\Mutation\ContactControllerMutationTest.php" line="38" assertions="2" time="0.002201"/>
        <testcase name="testSendMessageMutationWithMissingFields" class="Tests\Mutation\ContactControllerMutationTest" classname="Tests.Mutation.ContactControllerMutationTest" file="C:\Users\ASUS\Desktop\proyecto-si784-2024-ii-u3-reportes_chambilla_llantay\tests\Mutation\ContactControllerMutationTest.php" line="24" assertions="2" time="0.001195"/>
      </testsuite>
      <testsuite name="Tests\Mutation\ProductControllerMutationTest" file="C:\Users\ASUS\Desktop\proyecto-si784-2024-ii-u3-reportes_chambilla_llantay\tests\Mutation\ProductControllerMutationTest.php" tests="3" assertions="5" errors="0" warnings="0" failures="0" skipped="0" time="0.005925">
        <testcase name="testUpdateCartQuantityMutation" class="Tests\Mutation\ProductControllerMutationTest" classname="Tests.Mutation.ProductControllerMutationTest" file="C:\Users\ASUS\Desktop\proyecto-si784-2024-ii-u3-reportes_chambilla_llantay\tests\Mutation\ProductControllerMutationTest.php" line="41" assertions="2" time="0.002498"/>
        <testcase name="testAddToCartMutationWithDuplicate" class="Tests\Mutation\ProductControllerMutationTest" classname="Tests.Mutation.ProductControllerMutationTest" file="C:\Users\ASUS\Desktop\proyecto-si784-2024-ii-u3-reportes_chambilla_llantay\tests\Mutation\ProductControllerMutationTest.php" line="23" assertions="2" time="0.001355"/>
        <testcase name="testDeleteCartItemMutation" class="Tests\Mutation\ProductControllerMutationTest" classname="Tests.Mutation.ProductControllerMutationTest" file="C:\Users\ASUS\Desktop\proyecto-si784-2024-ii-u3-reportes_chambilla_llantay\tests\Mutation\ProductControllerMutationTest.php" line="52" assertions="1" time="0.002072"/>
      </testsuite>
      <testsuite name="Tests\Mutation\OrderControllerMutationTest" file="C:\Users\ASUS\Desktop\proyecto-si784-2024-ii-u3-reportes_chambilla_llantay\tests\Mutation\OrderControllerMutationTest.php" tests="3" assertions="4" errors="0" warnings="0" failures="0" skipped="0" time="0.005704">
        <testcase name="testUpdatePaymentStatusMutation" class="Tests\Mutation\OrderControllerMutationTest" classname="Tests.Mutation.OrderControllerMutationTest" file="C:\Users\ASUS\Desktop\proyecto-si784-2024-ii-u3-reportes_chambilla_llantay\tests\Mutation\OrderControllerMutationTest.php" line="46" assertions="1" time="0.002395"/>
        <testcase name="testCreateOrderMutationWithEmptyCart" class="Tests\Mutation\OrderControllerMutationTest" classname="Tests.Mutation.OrderControllerMutationTest" file="C:\Users\ASUS\Desktop\proyecto-si784-2024-ii-u3-reportes_chambilla_llantay\tests\Mutation\OrderControllerMutationTest.php" line="23" assertions="2" time="0.001413"/>
        <testcase name="testDeleteOrderMutation" class="Tests\Mutation\OrderControllerMutationTest" classname="Tests.Mutation.OrderControllerMutationTest" file="C:\Users\ASUS\Desktop\proyecto-si784-2024-ii-u3-reportes_chambilla_llantay\tests\Mutation\OrderControllerMutationTest.php" line="57" assertions="1" time="0.001896"/>
      </testsuite>
    </testsuite>
    <testsuite name="Unit" tests="124" assertions="277" errors="0" warnings="0" failures="0" skipped="0" time="5.218323">
      <testsuite name="Tests\Unit\Models\UserTest" file="C:\Users\ASUS\Desktop\proyecto-si784-2024-ii-u3-reportes_chambilla_llantay\tests\Unit\Models\UserTest.php" tests="5" assertions="11" errors="0" warnings="0" failures="0" skipped="0" time="0.108049">
        <testcase name="verifica_exists_retorna_false_cuando_no_existe" class="Tests\Unit\Models\UserTest" classname="Tests.Unit.Models.UserTest" file="C:\Users\ASUS\Desktop\proyecto-si784-2024-ii-u3-reportes_chambilla_llantay\tests\Unit\Models\UserTest.php" line="66" assertions="3" time="0.002155"/>
        <testcase name="verifica_exists_retorna_true_cuando_existe" class="Tests\Unit\Models\UserTest" classname="Tests.Unit.Models.UserTest" file="C:\Users\ASUS\Desktop\proyecto-si784-2024-ii-u3-reportes_chambilla_llantay\tests\Unit\Models\UserTest.php" line="45" assertions="3" time="0.001662"/>
        <testcase name="verifica_setId_retorna_instancia" class="Tests\Unit\Models\UserTest" classname="Tests.Unit.Models.UserTest" file="C:\Users\ASUS\Desktop\proyecto-si784-2024-ii-u3-reportes_chambilla_llantay\tests\Unit\Models\UserTest.php" line="87" assertions="2" time="0.001132"/>
        <testcase name="verifica_constructor_inicializa_user_type" class="Tests\Unit\Models\UserTest" classname="Tests.Unit.Models.UserTest" file="C:\Users\ASUS\Desktop\proyecto-si784-2024-ii-u3-reportes_chambilla_llantay\tests\Unit\Models\UserTest.php" line="23" assertions="1" time="0.000701"/>
        <testcase name="verifica_password_es_hasheado" class="Tests\Unit\Models\UserTest" classname="Tests.Unit.Models.UserTest" file="C:\Users\ASUS\Desktop\proyecto-si784-2024-ii-u3-reportes_chambilla_llantay\tests\Unit\Models\UserTest.php" line="30" assertions="2" time="0.102398"/>
      </testsuite>
      <testsuite name="Tests\Unit\Controllers\AdminControllerTest" file="C:\Users\ASUS\Desktop\proyecto-si784-2024-ii-u3-reportes_chambilla_llantay\tests\Unit\Controllers\AdminControllerTest.php" tests="30" assertions="57" errors="0" warnings="0" failures="0" skipped="0" time="0.044272">
        <testcase name="testDeleteMessage" class="Tests\Unit\Controllers\AdminControllerTest" classname="Tests.Unit.Controllers.AdminControllerTest" file="C:\Users\ASUS\Desktop\proyecto-si784-2024-ii-u3-reportes_chambilla_llantay\tests\Unit\Controllers\AdminControllerTest.php" line="185" assertions="1" time="0.001270"/>
        <testcase name="testUpdateProductDatabaseError" class="Tests\Unit\Controllers\AdminControllerTest" classname="Tests.Unit.Controllers.AdminControllerTest" file="C:\Users\ASUS\Desktop\proyecto-si784-2024-ii-u3-reportes_chambilla_llantay\tests\Unit\Controllers\AdminControllerTest.php" line="578" assertions="2" time="0.002622"/>
        <testcase name="testUpdateProductWithoutImage" class="Tests\Unit\Controllers\AdminControllerTest" classname="Tests.Unit.Controllers.AdminControllerTest" file="C:\Users\ASUS\Desktop\proyecto-si784-2024-ii-u3-reportes_chambilla_llantay\tests\Unit\Controllers\AdminControllerTest.php" line="443" assertions="2" time="0.001013"/>
        <testcase name="testHandleImageDeleteInvalidName" class="Tests\Unit\Controllers\AdminControllerTest" classname="Tests.Unit.Controllers.AdminControllerTest" file="C:\Users\ASUS\Desktop\proyecto-si784-2024-ii-u3-reportes_chambilla_llantay\tests\Unit\Controllers\AdminControllerTest.php" line="540" assertions="1" time="0.000523"/>
        <testcase name="testUpdateProductWithLargeImage" class="Tests\Unit\Controllers\AdminControllerTest" classname="Tests.Unit.Controllers.AdminControllerTest" file="C:\Users\ASUS\Desktop\proyecto-si784-2024-ii-u3-reportes_chambilla_llantay\tests\Unit\Controllers\AdminControllerTest.php" line="467" assertions="2" time="0.000573"/>
        <testcase name="testGetTotalPendings" class="Tests\Unit\Controllers\AdminControllerTest" classname="Tests.Unit.Controllers.AdminControllerTest" file="C:\Users\ASUS\Desktop\proyecto-si784-2024-ii-u3-reportes_chambilla_llantay\tests\Unit\Controllers\AdminControllerTest.php" line="293" assertions="1" time="0.001294"/>
        <testcase name="testGetAdminsCount" class="Tests\Unit\Controllers\AdminControllerTest" classname="Tests.Unit.Controllers.AdminControllerTest" file="C:\Users\ASUS\Desktop\proyecto-si784-2024-ii-u3-reportes_chambilla_llantay\tests\Unit\Controllers\AdminControllerTest.php" line="395" assertions="1" time="0.001927"/>
        <testcase name="testGetAllMessages" class="Tests\Unit\Controllers\AdminControllerTest" classname="Tests.Unit.Controllers.AdminControllerTest" file="C:\Users\ASUS\Desktop\proyecto-si784-2024-ii-u3-reportes_chambilla_llantay\tests\Unit\Controllers\AdminControllerTest.php" line="160" assertions="4" time="0.001622"/>
        <testcase name="testGetTotalCompleted" class="Tests\Unit\Controllers\AdminControllerTest" classname="Tests.Unit.Controllers.AdminControllerTest" file="C:\Users\ASUS\Desktop\proyecto-si784-2024-ii-u3-reportes_chambilla_llantay\tests\Unit\Controllers\AdminControllerTest.php" line="320" assertions="1" time="0.001247"/>
        <testcase name="testDeleteProduct" class="Tests\Unit\Controllers\AdminControllerTest" classname="Tests.Unit.Controllers.AdminControllerTest" file="C:\Users\ASUS\Desktop\proyecto-si784-2024-ii-u3-reportes_chambilla_llantay\tests\Unit\Controllers\AdminControllerTest.php" line="119" assertions="2" time="0.001634"/>
        <testcase name="testHandleImageDelete" class="Tests\Unit\Controllers\AdminControllerTest" classname="Tests.Unit.Controllers.AdminControllerTest" file="C:\Users\ASUS\Desktop\proyecto-si784-2024-ii-u3-reportes_chambilla_llantay\tests\Unit\Controllers\AdminControllerTest.php" line="522" assertions="1" time="0.001291"/>
        <testcase name="testGetSecureImagePathInvalidExtension" class="Tests\Unit\Controllers\AdminControllerTest" classname="Tests.Unit.Controllers.AdminControllerTest" file="C:\Users\ASUS\Desktop\proyecto-si784-2024-ii-u3-reportes_chambilla_llantay\tests\Unit\Controllers\AdminControllerTest.php" line="508" assertions="1" time="0.000916"/>
        <testcase name="testGetAllProducts" class="Tests\Unit\Controllers\AdminControllerTest" classname="Tests.Unit.Controllers.AdminControllerTest" file="C:\Users\ASUS\Desktop\proyecto-si784-2024-ii-u3-reportes_chambilla_llantay\tests\Unit\Controllers\AdminControllerTest.php" line="198" assertions="4" time="0.001371"/>
        <testcase name="testGetAllOrders" class="Tests\Unit\Controllers\AdminControllerTest" classname="Tests.Unit.Controllers.AdminControllerTest" file="C:\Users\ASUS\Desktop\proyecto-si784-2024-ii-u3-reportes_chambilla_llantay\tests\Unit\Controllers\AdminControllerTest.php" line="248" assertions="4" time="0.002108"/>
        <testcase name="testGetProductsCount" class="Tests\Unit\Controllers\AdminControllerTest" classname="Tests.Unit.Controllers.AdminControllerTest" file="C:\Users\ASUS\Desktop\proyecto-si784-2024-ii-u3-reportes_chambilla_llantay\tests\Unit\Controllers\AdminControllerTest.php" line="363" assertions="1" time="0.001297"/>
        <testcase name="testGetDashboardData" class="Tests\Unit\Controllers\AdminControllerTest" classname="Tests.Unit.Controllers.AdminControllerTest" file="C:\Users\ASUS\Desktop\proyecto-si784-2024-ii-u3-reportes_chambilla_llantay\tests\Unit\Controllers\AdminControllerTest.php" line="26" assertions="5" time="0.002679"/>
        <testcase name="testGetMessagesCount" class="Tests\Unit\Controllers\AdminControllerTest" classname="Tests.Unit.Controllers.AdminControllerTest" file="C:\Users\ASUS\Desktop\proyecto-si784-2024-ii-u3-reportes_chambilla_llantay\tests\Unit\Controllers\AdminControllerTest.php" line="427" assertions="1" time="0.001364"/>
        <testcase name="testGetOrdersCount" class="Tests\Unit\Controllers\AdminControllerTest" classname="Tests.Unit.Controllers.AdminControllerTest" file="C:\Users\ASUS\Desktop\proyecto-si784-2024-ii-u3-reportes_chambilla_llantay\tests\Unit\Controllers\AdminControllerTest.php" line="347" assertions="1" time="0.001453"/>
        <testcase name="testGetTotalAccounts" class="Tests\Unit\Controllers\AdminControllerTest" classname="Tests.Unit.Controllers.AdminControllerTest" file="C:\Users\ASUS\Desktop\proyecto-si784-2024-ii-u3-reportes_chambilla_llantay\tests\Unit\Controllers\AdminControllerTest.php" line="411" assertions="1" time="0.001266"/>
        <testcase name="testGetSecureImagePath" class="Tests\Unit\Controllers\AdminControllerTest" classname="Tests.Unit.Controllers.AdminControllerTest" file="C:\Users\ASUS\Desktop\proyecto-si784-2024-ii-u3-reportes_chambilla_llantay\tests\Unit\Controllers\AdminControllerTest.php" line="489" assertions="2" time="0.002540"/>
        <testcase name="testAddProductWithExistingName" class="Tests\Unit\Controllers\AdminControllerTest" classname="Tests.Unit.Controllers.AdminControllerTest" file="C:\Users\ASUS\Desktop\proyecto-si784-2024-ii-u3-reportes_chambilla_llantay\tests\Unit\Controllers\AdminControllerTest.php" line="552" assertions="2" time="0.001306"/>
        <testcase name="testDeleteOrder" class="Tests\Unit\Controllers\AdminControllerTest" classname="Tests.Unit.Controllers.AdminControllerTest" file="C:\Users\ASUS\Desktop\proyecto-si784-2024-ii-u3-reportes_chambilla_llantay\tests\Unit\Controllers\AdminControllerTest.php" line="134" assertions="1" time="0.001205"/>
        <testcase name="testAddProductSuccessfully" class="Tests\Unit\Controllers\AdminControllerTest" classname="Tests.Unit.Controllers.AdminControllerTest" file="C:\Users\ASUS\Desktop\proyecto-si784-2024-ii-u3-reportes_chambilla_llantay\tests\Unit\Controllers\AdminControllerTest.php" line="47" assertions="2" time="0.002071"/>
        <testcase name="testHandleDatabaseError" class="Tests\Unit\Controllers\AdminControllerTest" classname="Tests.Unit.Controllers.AdminControllerTest" file="C:\Users\ASUS\Desktop\proyecto-si784-2024-ii-u3-reportes_chambilla_llantay\tests\Unit\Controllers\AdminControllerTest.php" line="279" assertions="2" time="0.002139"/>
        <testcase name="testGetUsersCount" class="Tests\Unit\Controllers\AdminControllerTest" classname="Tests.Unit.Controllers.AdminControllerTest" file="C:\Users\ASUS\Desktop\proyecto-si784-2024-ii-u3-reportes_chambilla_llantay\tests\Unit\Controllers\AdminControllerTest.php" line="379" assertions="1" time="0.001358"/>
        <testcase name="testUpdateOrderStatusDatabaseError" class="Tests\Unit\Controllers\AdminControllerTest" classname="Tests.Unit.Controllers.AdminControllerTest" file="C:\Users\ASUS\Desktop\proyecto-si784-2024-ii-u3-reportes_chambilla_llantay\tests\Unit\Controllers\AdminControllerTest.php" line="602" assertions="1" time="0.001079"/>
        <testcase name="testDeleteUser" class="Tests\Unit\Controllers\AdminControllerTest" classname="Tests.Unit.Controllers.AdminControllerTest" file="C:\Users\ASUS\Desktop\proyecto-si784-2024-ii-u3-reportes_chambilla_llantay\tests\Unit\Controllers\AdminControllerTest.php" line="147" assertions="1" time="0.001136"/>
        <testcase name="testUpdateProduct" class="Tests\Unit\Controllers\AdminControllerTest" classname="Tests.Unit.Controllers.AdminControllerTest" file="C:\Users\ASUS\Desktop\proyecto-si784-2024-ii-u3-reportes_chambilla_llantay\tests\Unit\Controllers\AdminControllerTest.php" line="221" assertions="2" time="0.001142"/>
        <testcase name="testGetAllUsers" class="Tests\Unit\Controllers\AdminControllerTest" classname="Tests.Unit.Controllers.AdminControllerTest" file="C:\Users\ASUS\Desktop\proyecto-si784-2024-ii-u3-reportes_chambilla_llantay\tests\Unit\Controllers\AdminControllerTest.php" line="87" assertions="6" time="0.001710"/>
        <testcase name="testUpdateOrderStatus" class="Tests\Unit\Controllers\AdminControllerTest" classname="Tests.Unit.Controllers.AdminControllerTest" file="C:\Users\ASUS\Desktop\proyecto-si784-2024-ii-u3-reportes_chambilla_llantay\tests\Unit\Controllers\AdminControllerTest.php" line="73" assertions="1" time="0.001115"/>
      </testsuite>
      <testsuite name="Tests\Unit\Controllers\SearchControllerTest" file="C:\Users\ASUS\Desktop\proyecto-si784-2024-ii-u3-reportes_chambilla_llantay\tests\Unit\Controllers\SearchControllerTest.php" tests="3" assertions="3" errors="0" warnings="0" failures="0" skipped="0" time="0.005256">
        <testcase name="buscar_productos_devuelve_array_vacio_cuando_no_hay_resultados" class="Tests\Unit\Controllers\SearchControllerTest" classname="Tests.Unit.Controllers.SearchControllerTest" file="C:\Users\ASUS\Desktop\proyecto-si784-2024-ii-u3-reportes_chambilla_llantay\tests\Unit\Controllers\SearchControllerTest.php" line="44" assertions="1" time="0.002226"/>
        <testcase name="buscar_productos_devuelve_resultados" class="Tests\Unit\Controllers\SearchControllerTest" classname="Tests.Unit.Controllers.SearchControllerTest" file="C:\Users\ASUS\Desktop\proyecto-si784-2024-ii-u3-reportes_chambilla_llantay\tests\Unit\Controllers\SearchControllerTest.php" line="25" assertions="1" time="0.001748"/>
        <testcase name="buscar_productos_devuelve_array_vacio_cuando_hay_excepcion" class="Tests\Unit\Controllers\SearchControllerTest" classname="Tests.Unit.Controllers.SearchControllerTest" file="C:\Users\ASUS\Desktop\proyecto-si784-2024-ii-u3-reportes_chambilla_llantay\tests\Unit\Controllers\SearchControllerTest.php" line="58" assertions="1" time="0.001282"/>
      </testsuite>
      <testsuite name="Tests\Unit\AutoloadTest" file="C:\Users\ASUS\Desktop\proyecto-si784-2024-ii-u3-reportes_chambilla_llantay\tests\Unit\AutoloadTest.php" tests="2" assertions="3" errors="0" warnings="0" failures="0" skipped="0" time="0.001596">
        <testcase name="test_maneja_clase_inexistente" class="Tests\Unit\AutoloadTest" classname="Tests.Unit.AutoloadTest" file="C:\Users\ASUS\Desktop\proyecto-si784-2024-ii-u3-reportes_chambilla_llantay\tests\Unit\AutoloadTest.php" line="20" assertions="1" time="0.000593"/>
        <testcase name="test_puede_cargar_clase_existente" class="Tests\Unit\AutoloadTest" classname="Tests.Unit.AutoloadTest" file="C:\Users\ASUS\Desktop\proyecto-si784-2024-ii-u3-reportes_chambilla_llantay\tests\Unit\AutoloadTest.php" line="9" assertions="2" time="0.001002"/>
      </testsuite>
      <testsuite name="Tests\Unit\Views\ShopTest" file="C:\Users\ASUS\Desktop\proyecto-si784-2024-ii-u3-reportes_chambilla_llantay\tests\Unit\Views\ShopTest.php" tests="3" assertions="9" errors="0" warnings="0" failures="0" skipped="0" time="0.005933">
        <testcase name="test_muestra_mensaje_cuando_no_hay_productos" class="Tests\Unit\Views\ShopTest" classname="Tests.Unit.Views.ShopTest" file="C:\Users\ASUS\Desktop\proyecto-si784-2024-ii-u3-reportes_chambilla_llantay\tests\Unit\Views\ShopTest.php" line="71" assertions="1" time="0.003668"/>
        <testcase name="test_puede_obtener_productos" class="Tests\Unit\Views\ShopTest" classname="Tests.Unit.Views.ShopTest" file="C:\Users\ASUS\Desktop\proyecto-si784-2024-ii-u3-reportes_chambilla_llantay\tests\Unit\Views\ShopTest.php" line="21" assertions="5" time="0.000983"/>
        <testcase name="test_puede_anadir_al_carrito" class="Tests\Unit\Views\ShopTest" classname="Tests.Unit.Views.ShopTest" file="C:\Users\ASUS\Desktop\proyecto-si784-2024-ii-u3-reportes_chambilla_llantay\tests\Unit\Views\ShopTest.php" line="44" assertions="3" time="0.001282"/>
      </testsuite>
      <testsuite name="Tests\Unit\Exceptions\DatabaseExceptionTest" file="C:\Users\ASUS\Desktop\proyecto-si784-2024-ii-u3-reportes_chambilla_llantay\tests\Unit\Exceptions\DatabaseExceptionTest.php" tests="3" assertions="9" errors="0" warnings="0" failures="0" skipped="0" time="0.001566">
        <testcase name="hereda_de_exception" class="Tests\Unit\Exceptions\DatabaseExceptionTest" classname="Tests.Unit.Exceptions.DatabaseExceptionTest" file="C:\Users\ASUS\Desktop\proyecto-si784-2024-ii-u3-reportes_chambilla_llantay\tests\Unit\Exceptions\DatabaseExceptionTest.php" line="37" assertions="1" time="0.000383"/>
        <testcase name="puede_crear_excepcion_sin_parametros" class="Tests\Unit\Exceptions\DatabaseExceptionTest" classname="Tests.Unit.Exceptions.DatabaseExceptionTest" file="C:\Users\ASUS\Desktop\proyecto-si784-2024-ii-u3-reportes_chambilla_llantay\tests\Unit\Exceptions\DatabaseExceptionTest.php" line="26" assertions="4" time="0.000651"/>
        <testcase name="puede_crear_excepcion_con_parametros" class="Tests\Unit\Exceptions\DatabaseExceptionTest" classname="Tests.Unit.Exceptions.DatabaseExceptionTest" file="C:\Users\ASUS\Desktop\proyecto-si784-2024-ii-u3-reportes_chambilla_llantay\tests\Unit\Exceptions\DatabaseExceptionTest.php" line="11" assertions="4" time="0.000533"/>
      </testsuite>
      <testsuite name="Tests\Unit\Controllers\ContactControllerTest" file="C:\Users\ASUS\Desktop\proyecto-si784-2024-ii-u3-reportes_chambilla_llantay\tests\Unit\Controllers\ContactControllerTest.php" tests="12" assertions="19" errors="0" warnings="0" failures="0" skipped="0" time="0.020860">
        <testcase name="enviar_mensaje_valida_user_id" class="Tests\Unit\Controllers\ContactControllerTest" classname="Tests.Unit.Controllers.ContactControllerTest" file="C:\Users\ASUS\Desktop\proyecto-si784-2024-ii-u3-reportes_chambilla_llantay\tests\Unit\Controllers\ContactControllerTest.php" line="239" assertions="1" time="0.004660"/>
        <testcase name="enviar_mensaje_error_al_guardar" class="Tests\Unit\Controllers\ContactControllerTest" classname="Tests.Unit.Controllers.ContactControllerTest" file="C:\Users\ASUS\Desktop\proyecto-si784-2024-ii-u3-reportes_chambilla_llantay\tests\Unit\Controllers\ContactControllerTest.php" line="116" assertions="2" time="0.002305"/>
        <testcase name="enviar_mensaje_ya_enviado" class="Tests\Unit\Controllers\ContactControllerTest" classname="Tests.Unit.Controllers.ContactControllerTest" file="C:\Users\ASUS\Desktop\proyecto-si784-2024-ii-u3-reportes_chambilla_llantay\tests\Unit\Controllers\ContactControllerTest.php" line="96" assertions="2" time="0.001343"/>
        <testcase name="enviar_mensaje_campos_faltantes" class="Tests\Unit\Controllers\ContactControllerTest" classname="Tests.Unit.Controllers.ContactControllerTest" file="C:\Users\ASUS\Desktop\proyecto-si784-2024-ii-u3-reportes_chambilla_llantay\tests\Unit\Controllers\ContactControllerTest.php" line="61" assertions="2" time="0.000958"/>
        <testcase name="enviar_mensaje_maneja_error_en_save" class="Tests\Unit\Controllers\ContactControllerTest" classname="Tests.Unit.Controllers.ContactControllerTest" file="C:\Users\ASUS\Desktop\proyecto-si784-2024-ii-u3-reportes_chambilla_llantay\tests\Unit\Controllers\ContactControllerTest.php" line="218" assertions="2" time="0.001980"/>
        <testcase name="constructor_asigna_conexion" class="Tests\Unit\Controllers\ContactControllerTest" classname="Tests.Unit.Controllers.ContactControllerTest" file="C:\Users\ASUS\Desktop\proyecto-si784-2024-ii-u3-reportes_chambilla_llantay\tests\Unit\Controllers\ContactControllerTest.php" line="207" assertions="1" time="0.000967"/>
        <testcase name="crear_mensaje_retorna_instancia_message" class="Tests\Unit\Controllers\ContactControllerTest" classname="Tests.Unit.Controllers.ContactControllerTest" file="C:\Users\ASUS\Desktop\proyecto-si784-2024-ii-u3-reportes_chambilla_llantay\tests\Unit\Controllers\ContactControllerTest.php" line="170" assertions="1" time="0.000984"/>
        <testcase name="enviar_mensaje_lanza_excepcion" class="Tests\Unit\Controllers\ContactControllerTest" classname="Tests.Unit.Controllers.ContactControllerTest" file="C:\Users\ASUS\Desktop\proyecto-si784-2024-ii-u3-reportes_chambilla_llantay\tests\Unit\Controllers\ContactControllerTest.php" line="137" assertions="2" time="0.001323"/>
        <testcase name="enviar_mensaje_usuario_no_encontrado" class="Tests\Unit\Controllers\ContactControllerTest" classname="Tests.Unit.Controllers.ContactControllerTest" file="C:\Users\ASUS\Desktop\proyecto-si784-2024-ii-u3-reportes_chambilla_llantay\tests\Unit\Controllers\ContactControllerTest.php" line="75" assertions="2" time="0.001455"/>
        <testcase name="enviar_mensaje_valida_setters" class="Tests\Unit\Controllers\ContactControllerTest" classname="Tests.Unit.Controllers.ContactControllerTest" file="C:\Users\ASUS\Desktop\proyecto-si784-2024-ii-u3-reportes_chambilla_llantay\tests\Unit\Controllers\ContactControllerTest.php" line="183" assertions="1" time="0.002203"/>
        <testcase name="crear_usuario_retorna_instancia_user" class="Tests\Unit\Controllers\ContactControllerTest" classname="Tests.Unit.Controllers.ContactControllerTest" file="C:\Users\ASUS\Desktop\proyecto-si784-2024-ii-u3-reportes_chambilla_llantay\tests\Unit\Controllers\ContactControllerTest.php" line="157" assertions="1" time="0.000988"/>
        <testcase name="enviar_mensaje_exitoso" class="Tests\Unit\Controllers\ContactControllerTest" classname="Tests.Unit.Controllers.ContactControllerTest" file="C:\Users\ASUS\Desktop\proyecto-si784-2024-ii-u3-reportes_chambilla_llantay\tests\Unit\Controllers\ContactControllerTest.php" line="40" assertions="2" time="0.001695"/>
      </testsuite>
      <testsuite name="Tests\Unit\Config\DatabaseTest" file="C:\Users\ASUS\Desktop\proyecto-si784-2024-ii-u3-reportes_chambilla_llantay\tests\Unit\Config\DatabaseTest.php" tests="1" assertions="1" errors="0" warnings="0" failures="0" skipped="0" time="2.706737">
        <testcase name="test_conexion_fallida_lanza_excepcion" class="Tests\Unit\Config\DatabaseTest" classname="Tests.Unit.Config.DatabaseTest" file="C:\Users\ASUS\Desktop\proyecto-si784-2024-ii-u3-reportes_chambilla_llantay\tests\Unit\Config\DatabaseTest.php" line="12" assertions="1" time="2.706737"/>
      </testsuite>
      <testsuite name="Tests\Unit\Controllers\ProductControllerTest" file="C:\Users\ASUS\Desktop\proyecto-si784-2024-ii-u3-reportes_chambilla_llantay\tests\Unit\Controllers\ProductControllerTest.php" tests="16" assertions="55" errors="0" warnings="0" failures="0" skipped="0" time="0.020361">
        <testcase name="eliminar_item_carrito_exitoso" class="Tests\Unit\Controllers\ProductControllerTest" classname="Tests.Unit.Controllers.ProductControllerTest" file="C:\Users\ASUS\Desktop\proyecto-si784-2024-ii-u3-reportes_chambilla_llantay\tests\Unit\Controllers\ProductControllerTest.php" line="134" assertions="3" time="0.000990"/>
        <testcase name="agregar_producto_duplicado_al_carrito" class="Tests\Unit\Controllers\ProductControllerTest" classname="Tests.Unit.Controllers.ProductControllerTest" file="C:\Users\ASUS\Desktop\proyecto-si784-2024-ii-u3-reportes_chambilla_llantay\tests\Unit\Controllers\ProductControllerTest.php" line="209" assertions="3" time="0.000998"/>
        <testcase name="verificar_carrito_vacio" class="Tests\Unit\Controllers\ProductControllerTest" classname="Tests.Unit.Controllers.ProductControllerTest" file="C:\Users\ASUS\Desktop\proyecto-si784-2024-ii-u3-reportes_chambilla_llantay\tests\Unit\Controllers\ProductControllerTest.php" line="342" assertions="4" time="0.001164"/>
        <testcase name="manejo_error_al_agregar_al_carrito" class="Tests\Unit\Controllers\ProductControllerTest" classname="Tests.Unit.Controllers.ProductControllerTest" file="C:\Users\ASUS\Desktop\proyecto-si784-2024-ii-u3-reportes_chambilla_llantay\tests\Unit\Controllers\ProductControllerTest.php" line="321" assertions="3" time="0.001295"/>
        <testcase name="agregar_al_carrito" class="Tests\Unit\Controllers\ProductControllerTest" classname="Tests.Unit.Controllers.ProductControllerTest" file="C:\Users\ASUS\Desktop\proyecto-si784-2024-ii-u3-reportes_chambilla_llantay\tests\Unit\Controllers\ProductControllerTest.php" line="55" assertions="4" time="0.001384"/>
        <testcase name="manejo_error_al_actualizar_cantidad" class="Tests\Unit\Controllers\ProductControllerTest" classname="Tests.Unit.Controllers.ProductControllerTest" file="C:\Users\ASUS\Desktop\proyecto-si784-2024-ii-u3-reportes_chambilla_llantay\tests\Unit\Controllers\ProductControllerTest.php" line="232" assertions="4" time="0.001572"/>
        <testcase name="manejo_error_al_eliminar_todos_items_carrito" class="Tests\Unit\Controllers\ProductControllerTest" classname="Tests.Unit.Controllers.ProductControllerTest" file="C:\Users\ASUS\Desktop\proyecto-si784-2024-ii-u3-reportes_chambilla_llantay\tests\Unit\Controllers\ProductControllerTest.php" line="307" assertions="2" time="0.001242"/>
        <testcase name="eliminar_todos_items_carrito_exitoso" class="Tests\Unit\Controllers\ProductControllerTest" classname="Tests.Unit.Controllers.ProductControllerTest" file="C:\Users\ASUS\Desktop\proyecto-si784-2024-ii-u3-reportes_chambilla_llantay\tests\Unit\Controllers\ProductControllerTest.php" line="153" assertions="3" time="0.001582"/>
        <testcase name="manejo_error_al_eliminar_item_carrito" class="Tests\Unit\Controllers\ProductControllerTest" classname="Tests.Unit.Controllers.ProductControllerTest" file="C:\Users\ASUS\Desktop\proyecto-si784-2024-ii-u3-reportes_chambilla_llantay\tests\Unit\Controllers\ProductControllerTest.php" line="293" assertions="2" time="0.001195"/>
        <testcase name="manejo_error_al_obtener_todos_productos" class="Tests\Unit\Controllers\ProductControllerTest" classname="Tests.Unit.Controllers.ProductControllerTest" file="C:\Users\ASUS\Desktop\proyecto-si784-2024-ii-u3-reportes_chambilla_llantay\tests\Unit\Controllers\ProductControllerTest.php" line="265" assertions="3" time="0.001200"/>
        <testcase name="manejo_error_al_obtener_productos_recientes" class="Tests\Unit\Controllers\ProductControllerTest" classname="Tests.Unit.Controllers.ProductControllerTest" file="C:\Users\ASUS\Desktop\proyecto-si784-2024-ii-u3-reportes_chambilla_llantay\tests\Unit\Controllers\ProductControllerTest.php" line="252" assertions="3" time="0.001340"/>
        <testcase name="obtener_todos_productos" class="Tests\Unit\Controllers\ProductControllerTest" classname="Tests.Unit.Controllers.ProductControllerTest" file="C:\Users\ASUS\Desktop\proyecto-si784-2024-ii-u3-reportes_chambilla_llantay\tests\Unit\Controllers\ProductControllerTest.php" line="172" assertions="6" time="0.001357"/>
        <testcase name="manejo_error_al_obtener_items_carrito" class="Tests\Unit\Controllers\ProductControllerTest" classname="Tests.Unit.Controllers.ProductControllerTest" file="C:\Users\ASUS\Desktop\proyecto-si784-2024-ii-u3-reportes_chambilla_llantay\tests\Unit\Controllers\ProductControllerTest.php" line="278" assertions="3" time="0.001410"/>
        <testcase name="obtener_productos_recientes" class="Tests\Unit\Controllers\ProductControllerTest" classname="Tests.Unit.Controllers.ProductControllerTest" file="C:\Users\ASUS\Desktop\proyecto-si784-2024-ii-u3-reportes_chambilla_llantay\tests\Unit\Controllers\ProductControllerTest.php" line="25" assertions="5" time="0.001330"/>
        <testcase name="obtener_items_carrito" class="Tests\Unit\Controllers\ProductControllerTest" classname="Tests.Unit.Controllers.ProductControllerTest" file="C:\Users\ASUS\Desktop\proyecto-si784-2024-ii-u3-reportes_chambilla_llantay\tests\Unit\Controllers\ProductControllerTest.php" line="82" assertions="3" time="0.001223"/>
        <testcase name="actualizar_cantidad_carrito_exitoso" class="Tests\Unit\Controllers\ProductControllerTest" classname="Tests.Unit.Controllers.ProductControllerTest" file="C:\Users\ASUS\Desktop\proyecto-si784-2024-ii-u3-reportes_chambilla_llantay\tests\Unit\Controllers\ProductControllerTest.php" line="113" assertions="4" time="0.001078"/>
      </testsuite>
      <testsuite name="Tests\Unit\Controllers\OrderControllerTest" file="C:\Users\ASUS\Desktop\proyecto-si784-2024-ii-u3-reportes_chambilla_llantay\tests\Unit\Controllers\OrderControllerTest.php" tests="13" assertions="49" errors="0" warnings="0" failures="0" skipped="0" time="0.017590">
        <testcase name="manejar_error_al_obtener_todos_productos" class="Tests\Unit\Controllers\OrderControllerTest" classname="Tests.Unit.Controllers.OrderControllerTest" file="C:\Users\ASUS\Desktop\proyecto-si784-2024-ii-u3-reportes_chambilla_llantay\tests\Unit\Controllers\OrderControllerTest.php" line="367" assertions="3" time="0.001358"/>
        <testcase name="manejar_error_al_obtener_todos_usuarios" class="Tests\Unit\Controllers\OrderControllerTest" classname="Tests.Unit.Controllers.OrderControllerTest" file="C:\Users\ASUS\Desktop\proyecto-si784-2024-ii-u3-reportes_chambilla_llantay\tests\Unit\Controllers\OrderControllerTest.php" line="380" assertions="3" time="0.001347"/>
        <testcase name="actualizar_estado_pago" class="Tests\Unit\Controllers\OrderControllerTest" classname="Tests.Unit.Controllers.OrderControllerTest" file="C:\Users\ASUS\Desktop\proyecto-si784-2024-ii-u3-reportes_chambilla_llantay\tests\Unit\Controllers\OrderControllerTest.php" line="108" assertions="3" time="0.001069"/>
        <testcase name="obtener_pedidos_usuario" class="Tests\Unit\Controllers\OrderControllerTest" classname="Tests.Unit.Controllers.OrderControllerTest" file="C:\Users\ASUS\Desktop\proyecto-si784-2024-ii-u3-reportes_chambilla_llantay\tests\Unit\Controllers\OrderControllerTest.php" line="70" assertions="5" time="0.001533"/>
        <testcase name="crear_pedido" class="Tests\Unit\Controllers\OrderControllerTest" classname="Tests.Unit.Controllers.OrderControllerTest" file="C:\Users\ASUS\Desktop\proyecto-si784-2024-ii-u3-reportes_chambilla_llantay\tests\Unit\Controllers\OrderControllerTest.php" line="24" assertions="4" time="0.001943"/>
        <testcase name="crear_pedido_con_carrito_vacio" class="Tests\Unit\Controllers\OrderControllerTest" classname="Tests.Unit.Controllers.OrderControllerTest" file="C:\Users\ASUS\Desktop\proyecto-si784-2024-ii-u3-reportes_chambilla_llantay\tests\Unit\Controllers\OrderControllerTest.php" line="269" assertions="4" time="0.001127"/>
        <testcase name="crear_pedido_duplicado" class="Tests\Unit\Controllers\OrderControllerTest" classname="Tests.Unit.Controllers.OrderControllerTest" file="C:\Users\ASUS\Desktop\proyecto-si784-2024-ii-u3-reportes_chambilla_llantay\tests\Unit\Controllers\OrderControllerTest.php" line="299" assertions="4" time="0.001403"/>
        <testcase name="obtener_todos_pedidos" class="Tests\Unit\Controllers\OrderControllerTest" classname="Tests.Unit.Controllers.OrderControllerTest" file="C:\Users\ASUS\Desktop\proyecto-si784-2024-ii-u3-reportes_chambilla_llantay\tests\Unit\Controllers\OrderControllerTest.php" line="145" assertions="5" time="0.001631"/>
        <testcase name="manejar_error_base_datos_en_obtener_pedidos" class="Tests\Unit\Controllers\OrderControllerTest" classname="Tests.Unit.Controllers.OrderControllerTest" file="C:\Users\ASUS\Desktop\proyecto-si784-2024-ii-u3-reportes_chambilla_llantay\tests\Unit\Controllers\OrderControllerTest.php" line="178" assertions="2" time="0.001207"/>
        <testcase name="manejar_error_al_crear_pedido" class="Tests\Unit\Controllers\OrderControllerTest" classname="Tests.Unit.Controllers.OrderControllerTest" file="C:\Users\ASUS\Desktop\proyecto-si784-2024-ii-u3-reportes_chambilla_llantay\tests\Unit\Controllers\OrderControllerTest.php" line="341" assertions="3" time="0.001272"/>
        <testcase name="obtener_todos_usuarios" class="Tests\Unit\Controllers\OrderControllerTest" classname="Tests.Unit.Controllers.OrderControllerTest" file="C:\Users\ASUS\Desktop\proyecto-si784-2024-ii-u3-reportes_chambilla_llantay\tests\Unit\Controllers\OrderControllerTest.php" line="235" assertions="5" time="0.001339"/>
        <testcase name="eliminar_pedido" class="Tests\Unit\Controllers\OrderControllerTest" classname="Tests.Unit.Controllers.OrderControllerTest" file="C:\Users\ASUS\Desktop\proyecto-si784-2024-ii-u3-reportes_chambilla_llantay\tests\Unit\Controllers\OrderControllerTest.php" line="127" assertions="3" time="0.001084"/>
        <testcase name="obtener_todos_productos" class="Tests\Unit\Controllers\OrderControllerTest" classname="Tests.Unit.Controllers.OrderControllerTest" file="C:\Users\ASUS\Desktop\proyecto-si784-2024-ii-u3-reportes_chambilla_llantay\tests\Unit\Controllers\OrderControllerTest.php" line="204" assertions="5" time="0.001275"/>
      </testsuite>
      <testsuite name="Tests\Unit\Models\MessageTest" file="C:\Users\ASUS\Desktop\proyecto-si784-2024-ii-u3-reportes_chambilla_llantay\tests\Unit\Models\MessageTest.php" tests="9" assertions="15" errors="0" warnings="0" failures="0" skipped="0" time="0.006976">
        <testcase name="puede_guardar_mensaje" class="Tests\Unit\Models\MessageTest" classname="Tests.Unit.Models.MessageTest" file="C:\Users\ASUS\Desktop\proyecto-si784-2024-ii-u3-reportes_chambilla_llantay\tests\Unit\Models\MessageTest.php" line="72" assertions="3" time="0.001341"/>
        <testcase name="maneja_error_al_verificar_existencia" class="Tests\Unit\Models\MessageTest" classname="Tests.Unit.Models.MessageTest" file="C:\Users\ASUS\Desktop\proyecto-si784-2024-ii-u3-reportes_chambilla_llantay\tests\Unit\Models\MessageTest.php" line="114" assertions="3" time="0.001021"/>
        <testcase name="puede_establecer_y_obtener_id" class="Tests\Unit\Models\MessageTest" classname="Tests.Unit.Models.MessageTest" file="C:\Users\ASUS\Desktop\proyecto-si784-2024-ii-u3-reportes_chambilla_llantay\tests\Unit\Models\MessageTest.php" line="24" assertions="1" time="0.000614"/>
        <testcase name="maneja_error_al_guardar" class="Tests\Unit\Models\MessageTest" classname="Tests.Unit.Models.MessageTest" file="C:\Users\ASUS\Desktop\proyecto-si784-2024-ii-u3-reportes_chambilla_llantay\tests\Unit\Models\MessageTest.php" line="93" assertions="3" time="0.001115"/>
        <testcase name="puede_establecer_y_obtener_message" class="Tests\Unit\Models\MessageTest" classname="Tests.Unit.Models.MessageTest" file="C:\Users\ASUS\Desktop\proyecto-si784-2024-ii-u3-reportes_chambilla_llantay\tests\Unit\Models\MessageTest.php" line="64" assertions="1" time="0.000711"/>
        <testcase name="puede_establecer_y_obtener_email" class="Tests\Unit\Models\MessageTest" classname="Tests.Unit.Models.MessageTest" file="C:\Users\ASUS\Desktop\proyecto-si784-2024-ii-u3-reportes_chambilla_llantay\tests\Unit\Models\MessageTest.php" line="48" assertions="1" time="0.000582"/>
        <testcase name="puede_establecer_y_obtener_user_id" class="Tests\Unit\Models\MessageTest" classname="Tests.Unit.Models.MessageTest" file="C:\Users\ASUS\Desktop\proyecto-si784-2024-ii-u3-reportes_chambilla_llantay\tests\Unit\Models\MessageTest.php" line="32" assertions="1" time="0.000553"/>
        <testcase name="puede_establecer_y_obtener_name" class="Tests\Unit\Models\MessageTest" classname="Tests.Unit.Models.MessageTest" file="C:\Users\ASUS\Desktop\proyecto-si784-2024-ii-u3-reportes_chambilla_llantay\tests\Unit\Models\MessageTest.php" line="40" assertions="1" time="0.000530"/>
        <testcase name="puede_establecer_y_obtener_number" class="Tests\Unit\Models\MessageTest" classname="Tests.Unit.Models.MessageTest" file="C:\Users\ASUS\Desktop\proyecto-si784-2024-ii-u3-reportes_chambilla_llantay\tests\Unit\Models\MessageTest.php" line="56" assertions="1" time="0.000508"/>
      </testsuite>
      <testsuite name="Tests\Unit\Controllers\UserControllerTest" file="C:\Users\ASUS\Desktop\proyecto-si784-2024-ii-u3-reportes_chambilla_llantay\tests\Unit\Controllers\UserControllerTest.php" tests="27" assertions="46" errors="0" warnings="0" failures="0" skipped="0" time="2.279127">
        <testcase name="login_falla_con_password_incorrecto" class="Tests\Unit\Controllers\UserControllerTest" classname="Tests.Unit.Controllers.UserControllerTest" file="C:\Users\ASUS\Desktop\proyecto-si784-2024-ii-u3-reportes_chambilla_llantay\tests\Unit\Controllers\UserControllerTest.php" line="266" assertions="2" time="0.102169"/>
        <testcase name="verifica_password_correcto" class="Tests\Unit\Controllers\UserControllerTest" classname="Tests.Unit.Controllers.UserControllerTest" file="C:\Users\ASUS\Desktop\proyecto-si784-2024-ii-u3-reportes_chambilla_llantay\tests\Unit\Controllers\UserControllerTest.php" line="237" assertions="1" time="0.107319"/>
        <testcase name="registro_falla_con_email_existente" class="Tests\Unit\Controllers\UserControllerTest" classname="Tests.Unit.Controllers.UserControllerTest" file="C:\Users\ASUS\Desktop\proyecto-si784-2024-ii-u3-reportes_chambilla_llantay\tests\Unit\Controllers\UserControllerTest.php" line="103" assertions="2" time="0.001502"/>
        <testcase name="verifica_password_incorrecto" class="Tests\Unit\Controllers\UserControllerTest" classname="Tests.Unit.Controllers.UserControllerTest" file="C:\Users\ASUS\Desktop\proyecto-si784-2024-ii-u3-reportes_chambilla_llantay\tests\Unit\Controllers\UserControllerTest.php" line="251" assertions="1" time="0.103833"/>
        <testcase name="usuario_puede_registrarse" class="Tests\Unit\Controllers\UserControllerTest" classname="Tests.Unit.Controllers.UserControllerTest" file="C:\Users\ASUS\Desktop\proyecto-si784-2024-ii-u3-reportes_chambilla_llantay\tests\Unit\Controllers\UserControllerTest.php" line="23" assertions="2" time="0.205016"/>
        <testcase name="test_login_con_error_db" class="Tests\Unit\Controllers\UserControllerTest" classname="Tests.Unit.Controllers.UserControllerTest" file="C:\Users\ASUS\Desktop\proyecto-si784-2024-ii-u3-reportes_chambilla_llantay\tests\Unit\Controllers\UserControllerTest.php" line="412" assertions="2" time="0.001463"/>
        <testcase name="login_guarda_nombre_en_sesion" class="Tests\Unit\Controllers\UserControllerTest" classname="Tests.Unit.Controllers.UserControllerTest" file="C:\Users\ASUS\Desktop\proyecto-si784-2024-ii-u3-reportes_chambilla_llantay\tests\Unit\Controllers\UserControllerTest.php" line="454" assertions="1" time="0.105375"/>
        <testcase name="registro_con_tipo_usuario_personalizado" class="Tests\Unit\Controllers\UserControllerTest" classname="Tests.Unit.Controllers.UserControllerTest" file="C:\Users\ASUS\Desktop\proyecto-si784-2024-ii-u3-reportes_chambilla_llantay\tests\Unit\Controllers\UserControllerTest.php" line="167" assertions="2" time="0.204664"/>
        <testcase name="verifica_hash_password_con_costo_correcto" class="Tests\Unit\Controllers\UserControllerTest" classname="Tests.Unit.Controllers.UserControllerTest" file="C:\Users\ASUS\Desktop\proyecto-si784-2024-ii-u3-reportes_chambilla_llantay\tests\Unit\Controllers\UserControllerTest.php" line="223" assertions="2" time="0.406464"/>
        <testcase name="test_login_con_password_incorrecto" class="Tests\Unit\Controllers\UserControllerTest" classname="Tests.Unit.Controllers.UserControllerTest" file="C:\Users\ASUS\Desktop\proyecto-si784-2024-ii-u3-reportes_chambilla_llantay\tests\Unit\Controllers\UserControllerTest.php" line="391" assertions="2" time="0.105493"/>
        <testcase name="test_register_con_email_existente" class="Tests\Unit\Controllers\UserControllerTest" classname="Tests.Unit.Controllers.UserControllerTest" file="C:\Users\ASUS\Desktop\proyecto-si784-2024-ii-u3-reportes_chambilla_llantay\tests\Unit\Controllers\UserControllerTest.php" line="341" assertions="2" time="0.001570"/>
        <testcase name="test_getUserById_usuario_no_existe" class="Tests\Unit\Controllers\UserControllerTest" classname="Tests.Unit.Controllers.UserControllerTest" file="C:\Users\ASUS\Desktop\proyecto-si784-2024-ii-u3-reportes_chambilla_llantay\tests\Unit\Controllers\UserControllerTest.php" line="426" assertions="1" time="0.001761"/>
        <testcase name="test_getUserById_con_error_db" class="Tests\Unit\Controllers\UserControllerTest" classname="Tests.Unit.Controllers.UserControllerTest" file="C:\Users\ASUS\Desktop\proyecto-si784-2024-ii-u3-reportes_chambilla_llantay\tests\Unit\Controllers\UserControllerTest.php" line="439" assertions="1" time="0.001486"/>
        <testcase name="login_exitoso_con_admin" class="Tests\Unit\Controllers\UserControllerTest" classname="Tests.Unit.Controllers.UserControllerTest" file="C:\Users\ASUS\Desktop\proyecto-si784-2024-ii-u3-reportes_chambilla_llantay\tests\Unit\Controllers\UserControllerTest.php" line="285" assertions="2" time="0.103859"/>
        <testcase name="manejo_error_al_obtener_usuario" class="Tests\Unit\Controllers\UserControllerTest" classname="Tests.Unit.Controllers.UserControllerTest" file="C:\Users\ASUS\Desktop\proyecto-si784-2024-ii-u3-reportes_chambilla_llantay\tests\Unit\Controllers\UserControllerTest.php" line="154" assertions="1" time="0.001434"/>
        <testcase name="inicio_sesion_falla_con_credenciales_incorrectas" class="Tests\Unit\Controllers\UserControllerTest" classname="Tests.Unit.Controllers.UserControllerTest" file="C:\Users\ASUS\Desktop\proyecto-si784-2024-ii-u3-reportes_chambilla_llantay\tests\Unit\Controllers\UserControllerTest.php" line="67" assertions="2" time="0.001236"/>
        <testcase name="usuario_puede_iniciar_sesion" class="Tests\Unit\Controllers\UserControllerTest" classname="Tests.Unit.Controllers.UserControllerTest" file="C:\Users\ASUS\Desktop\proyecto-si784-2024-ii-u3-reportes_chambilla_llantay\tests\Unit\Controllers\UserControllerTest.php" line="42" assertions="2" time="0.102967"/>
        <testcase name="manejo_error_en_login" class="Tests\Unit\Controllers\UserControllerTest" classname="Tests.Unit.Controllers.UserControllerTest" file="C:\Users\ASUS\Desktop\proyecto-si784-2024-ii-u3-reportes_chambilla_llantay\tests\Unit\Controllers\UserControllerTest.php" line="140" assertions="2" time="0.001489"/>
        <testcase name="verificar_hash_password" class="Tests\Unit\Controllers\UserControllerTest" classname="Tests.Unit.Controllers.UserControllerTest" file="C:\Users\ASUS\Desktop\proyecto-si784-2024-ii-u3-reportes_chambilla_llantay\tests\Unit\Controllers\UserControllerTest.php" line="206" assertions="1" time="0.202919"/>
        <testcase name="puede_obtener_usuario_por_id" class="Tests\Unit\Controllers\UserControllerTest" classname="Tests.Unit.Controllers.UserControllerTest" file="C:\Users\ASUS\Desktop\proyecto-si784-2024-ii-u3-reportes_chambilla_llantay\tests\Unit\Controllers\UserControllerTest.php" line="82" assertions="3" time="0.001441"/>
        <testcase name="registro_exitoso_sin_tipo_usuario" class="Tests\Unit\Controllers\UserControllerTest" classname="Tests.Unit.Controllers.UserControllerTest" file="C:\Users\ASUS\Desktop\proyecto-si784-2024-ii-u3-reportes_chambilla_llantay\tests\Unit\Controllers\UserControllerTest.php" line="310" assertions="2" time="0.201197"/>
        <testcase name="login_guarda_tipo_usuario_en_sesion" class="Tests\Unit\Controllers\UserControllerTest" classname="Tests.Unit.Controllers.UserControllerTest" file="C:\Users\ASUS\Desktop\proyecto-si784-2024-ii-u3-reportes_chambilla_llantay\tests\Unit\Controllers\UserControllerTest.php" line="472" assertions="1" time="0.101934"/>
        <testcase name="obtener_usuario_inexistente" class="Tests\Unit\Controllers\UserControllerTest" classname="Tests.Unit.Controllers.UserControllerTest" file="C:\Users\ASUS\Desktop\proyecto-si784-2024-ii-u3-reportes_chambilla_llantay\tests\Unit\Controllers\UserControllerTest.php" line="329" assertions="1" time="0.001228"/>
        <testcase name="test_register_con_error_db" class="Tests\Unit\Controllers\UserControllerTest" classname="Tests.Unit.Controllers.UserControllerTest" file="C:\Users\ASUS\Desktop\proyecto-si784-2024-ii-u3-reportes_chambilla_llantay\tests\Unit\Controllers\UserControllerTest.php" line="359" assertions="2" time="0.001419"/>
        <testcase name="verificar_alias_register" class="Tests\Unit\Controllers\UserControllerTest" classname="Tests.Unit.Controllers.UserControllerTest" file="C:\Users\ASUS\Desktop\proyecto-si784-2024-ii-u3-reportes_chambilla_llantay\tests\Unit\Controllers\UserControllerTest.php" line="187" assertions="2" time="0.206592"/>
        <testcase name="manejo_error_en_registro" class="Tests\Unit\Controllers\UserControllerTest" classname="Tests.Unit.Controllers.UserControllerTest" file="C:\Users\ASUS\Desktop\proyecto-si784-2024-ii-u3-reportes_chambilla_llantay\tests\Unit\Controllers\UserControllerTest.php" line="122" assertions="2" time="0.002015"/>
        <testcase name="test_login_con_credenciales_invalidas" class="Tests\Unit\Controllers\UserControllerTest" classname="Tests.Unit.Controllers.UserControllerTest" file="C:\Users\ASUS\Desktop\proyecto-si784-2024-ii-u3-reportes_chambilla_llantay\tests\Unit\Controllers\UserControllerTest.php" line="377" assertions="2" time="0.001284"/>
      </testsuite>
    </testsuite>
  </testsuite>
</testsuites>
